<?xml version="1.0" encoding="UTF-8"?>
<testsuite xmlns:xsi="http://www.w3.org/2001/XMLSchema-instance" xsi:noNamespaceSchemaLocation="https://maven.apache.org/surefire/maven-surefire-plugin/xsd/surefire-test-report.xsd" name="Runner.TestRunner" time="24.929" tests="3" errors="0" skipped="0" failures="0">
  <properties>
[...]
</properties>
  <testcase name="Validating the username and password fields #1" classname="Login Feature" time="20.015"/>
  <testcase name="Validating the username and password fields #2" classname="Login Feature" time="3.702"/>
  <testcase name="Validating the username and password fields" classname="Login2 Feature" time="0.806"/>
</testsuite>